[11-Aug-2024 15:09:45 UTC] PHP Fatal error:  Allowed memory size of 536870912 bytes exhausted (tried to allocate 4096 bytes) in C:\Users\dell\Desktop\StageProject\last2\myProject - Copie\vendor\phpoffice\phpspreadsheet\src\PhpSpreadsheet\Cell\Coordinate.php on line 35
[11-Aug-2024 15:09:45 UTC] PHP Fatal error:  Allowed memory size of 536870912 bytes exhausted (tried to allocate 65536 bytes) in C:\Users\dell\Desktop\StageProject\last2\myProject - Copie\vendor\symfony\http-foundation\Response.php on line 852
[11-Aug-2024 15:10:20 UTC] PHP Fatal error:  Allowed memory size of 536870912 bytes exhausted (tried to allocate 4096 bytes) in C:\Users\dell\Desktop\StageProject\last2\myProject - Copie\vendor\laravel\framework\src\Illuminate\Container\Container.php on line 982
[11-Aug-2024 15:10:20 UTC] PHP Fatal error:  Allowed memory size of 536870912 bytes exhausted (tried to allocate 65536 bytes) in C:\Users\dell\Desktop\StageProject\last2\myProject - Copie\vendor\symfony\http-foundation\Response.php on line 852
[11-Aug-2024 15:11:11 UTC] PHP Fatal error:  Allowed memory size of 536870912 bytes exhausted (tried to allocate 4096 bytes) in C:\Users\dell\Desktop\StageProject\last2\myProject - Copie\vendor\phpoffice\phpspreadsheet\src\PhpSpreadsheet\Cell\Coordinate.php on line 35
[11-Aug-2024 15:11:11 UTC] PHP Fatal error:  Allowed memory size of 536870912 bytes exhausted (tried to allocate 32768 bytes) in C:\Users\dell\Desktop\StageProject\last2\myProject - Copie\vendor\symfony\http-foundation\Response.php on line 1157
[12-Aug-2024 09:34:56 UTC] PHP Fatal error:  Cannot use App\Models\Log as Log because the name is already in use in C:\Users\dell\Desktop\StageProject\last2\myProject - Copie\app\Http\Controllers\BookController.php on line 13
[12-Aug-2024 09:35:21 UTC] PHP Fatal error:  Cannot use App\Models\Log as Log because the name is already in use in C:\Users\dell\Desktop\StageProject\last2\myProject - Copie\app\Http\Controllers\BookController.php on line 13
[14-Aug-2024 20:04:03 UTC] PHP Fatal error:  Trait "Illuminate\Queue\Queueable" not found in C:\Users\dell\Desktop\StageProject\last2\myProject - Copie\app\Jobs\ProcessBooksImport.php on line 15
[14-Aug-2024 20:08:36 UTC] PHP Fatal error:  Trait "Illuminate\Queue\Queueable" not found in C:\Users\dell\Desktop\StageProject\last2\myProject - Copie\app\Jobs\ProcessBooksImport.php on line 15
[15-Aug-2024 13:05:13 UTC] PHP Fatal error:  Allowed memory size of 536870912 bytes exhausted (tried to allocate 4096 bytes) in C:\Users\dell\Desktop\StageProject\last2\myProject - Copie\vendor\laravel\framework\src\Illuminate\Container\Container.php on line 983
[15-Aug-2024 13:05:13 UTC] PHP Fatal error:  Allowed memory size of 536870912 bytes exhausted (tried to allocate 40960 bytes) in C:\Users\dell\Desktop\StageProject\last2\myProject - Copie\vendor\composer\ClassLoader.php on line 576
[15-Aug-2024 13:06:04 UTC] PHP Fatal error:  Allowed memory size of 536870912 bytes exhausted (tried to allocate 4096 bytes) in C:\Users\dell\Desktop\StageProject\last2\myProject - Copie\vendor\laravel\framework\src\Illuminate\Container\Container.php on line 983
[15-Aug-2024 13:06:04 UTC] PHP Fatal error:  Allowed memory size of 536870912 bytes exhausted (tried to allocate 40960 bytes) in C:\Users\dell\Desktop\StageProject\last2\myProject - Copie\vendor\composer\ClassLoader.php on line 576
[15-Aug-2024 13:08:28 UTC] PHP Fatal error:  Allowed memory size of 536870912 bytes exhausted (tried to allocate 4096 bytes) in C:\Users\dell\Desktop\StageProject\last2\myProject - Copie\vendor\laravel\framework\src\Illuminate\Container\Container.php on line 983
[15-Aug-2024 13:08:28 UTC] PHP Fatal error:  Allowed memory size of 536870912 bytes exhausted (tried to allocate 40960 bytes) in C:\Users\dell\Desktop\StageProject\last2\myProject - Copie\vendor\composer\ClassLoader.php on line 576
[15-Aug-2024 13:09:30 UTC] PHP Fatal error:  Allowed memory size of 536870912 bytes exhausted (tried to allocate 4096 bytes) in C:\Users\dell\Desktop\StageProject\last2\myProject - Copie\vendor\laravel\framework\src\Illuminate\Container\Container.php on line 983
[15-Aug-2024 13:09:30 UTC] PHP Fatal error:  Allowed memory size of 536870912 bytes exhausted (tried to allocate 40960 bytes) in C:\Users\dell\Desktop\StageProject\last2\myProject - Copie\vendor\composer\ClassLoader.php on line 576
[15-Aug-2024 13:12:44 UTC] PHP Fatal error:  Allowed memory size of 536870912 bytes exhausted (tried to allocate 4096 bytes) in C:\Users\dell\Desktop\StageProject\last2\myProject - Copie\vendor\laravel\framework\src\Illuminate\Container\Util.php on line 54
[15-Aug-2024 13:12:44 UTC] PHP Fatal error:  Allowed memory size of 536870912 bytes exhausted (tried to allocate 65536 bytes) in C:\Users\dell\Desktop\StageProject\last2\myProject - Copie\vendor\laravel\framework\src\Illuminate\Foundation\Exceptions\Handler.php on line 599
[15-Aug-2024 13:13:31 UTC] PHP Fatal error:  Allowed memory size of 536870912 bytes exhausted (tried to allocate 4096 bytes) in C:\Users\dell\Desktop\StageProject\last2\myProject - Copie\vendor\laravel\framework\src\Illuminate\Container\Util.php on line 54
[15-Aug-2024 13:13:31 UTC] PHP Fatal error:  Allowed memory size of 536870912 bytes exhausted (tried to allocate 65536 bytes) in C:\Users\dell\Desktop\StageProject\last2\myProject - Copie\vendor\laravel\framework\src\Illuminate\Foundation\Exceptions\Handler.php on line 599
